<?xml version="1.0" encoding="UTF-8"?>
<!-- Generated by org.testng.reporters.JUnitXMLReporter -->
<testsuite ignored="4" hostname="DESKTOP-IPJ5ICI" failures="0" tests="1" name="Default test" time="42.493" errors="0" timestamp="2024-10-19T19:31:19 IST">
  <testcase classname="proposals.Proposalstest" name="proposalresend" time="36.186"/>
  <testcase classname="proposals.Proposalstest" name="proposallists" time="0.0">
    <ignored/>
  </testcase> <!-- proposallists -->
  <testcase classname="proposals.Proposalstest" name="organizerproposal" time="0.0">
    <ignored/>
  </testcase> <!-- organizerproposal -->
  <testcase classname="proposals.Proposalstest" name="searchproposal" time="0.0">
    <ignored/>
  </testcase> <!-- searchproposal -->
  <testcase classname="proposals.Proposalstest" name="proposalreminder" time="0.0">
    <ignored/>
  </testcase> <!-- proposalreminder -->
</testsuite> <!-- Default test -->
